e:\mycode\qt\pid_debug\pid_debug\x64\debug\main.obj
e:\mycode\qt\pid_debug\pid_debug\x64\debug\mainwindow.obj
e:\mycode\qt\pid_debug\pid_debug\x64\debug\moc_mainwindow.obj
e:\mycode\qt\pid_debug\pid_debug\x64\debug\qrc_mainwindow.obj
e:\mycode\qt\pid_debug\pid_debug\x64\debug\vc141.pdb
e:\mycode\qt\pid_debug\pid_debug\x64\debug\moc_curvechart.obj
e:\mycode\qt\pid_debug\pid_debug\x64\debug\receive.obj
e:\mycode\qt\pid_debug\pid_debug\x64\debug\moc_receive.obj
e:\mycode\qt\pid_debug\x64\debug\pid_debug.exe
e:\mycode\qt\pid_debug\x64\debug\pid_debug.ilk
e:\mycode\qt\pid_debug\x64\debug\pid_debug.pdb
e:\mycode\qt\pid_debug\pid_debug\generatedfiles\debug\moc_mainwindow.cpp
e:\mycode\qt\pid_debug\pid_debug\generatedfiles\qrc_mainwindow.cpp
e:\mycode\qt\pid_debug\pid_debug\generatedfiles\ui_mainwindow.h
e:\mycode\qt\pid_debug\pid_debug\generatedfiles\debug\moc_curvechart.cpp
e:\mycode\qt\pid_debug\pid_debug\generatedfiles\debug\moc_receive.cpp
e:\mycode\qt\pid_debug\pid_debug\.\generatedfiles\debug\moc_mainwindow.cpp
e:\mycode\qt\pid_debug\pid_debug\.\generatedfiles\debug\moc_curvechart.cpp
e:\mycode\qt\pid_debug\pid_debug\.\generatedfiles\debug\moc_receive.cpp
e:\mycode\qt\pid_debug\pid_debug\.\generatedfiles\qrc_mainwindow.cpp
e:\mycode\qt\pid_debug\pid_debug\.\generatedfiles\ui_mainwindow.h
e:\mycode\qt\pid_debug\pid_debug\x64\debug\pid_debug.tlog\cl.10204.write.1.tlog
e:\mycode\qt\pid_debug\pid_debug\x64\debug\pid_debug.tlog\cl.command.1.tlog
e:\mycode\qt\pid_debug\pid_debug\x64\debug\pid_debug.tlog\cl.read.1.tlog
e:\mycode\qt\pid_debug\pid_debug\x64\debug\pid_debug.tlog\link.command.1.tlog
e:\mycode\qt\pid_debug\pid_debug\x64\debug\pid_debug.tlog\link.read.1.tlog
e:\mycode\qt\pid_debug\pid_debug\x64\debug\pid_debug.tlog\link.write.1.tlog
e:\mycode\qt\pid_debug\pid_debug\x64\debug\pid_debug.tlog\pid_debug.write.1u.tlog
e:\mycode\qt\pid_debug\pid_debug\x64\debug\pid_debug.tlog\qtmoc.read.1u.tlog
e:\mycode\qt\pid_debug\pid_debug\x64\debug\pid_debug.tlog\qtmoc.write.1u.tlog
e:\mycode\qt\pid_debug\pid_debug\x64\debug\pid_debug.tlog\qtrcc.read.1u.tlog
e:\mycode\qt\pid_debug\pid_debug\x64\debug\pid_debug.tlog\qtrcc.write.1u.tlog
e:\mycode\qt\pid_debug\pid_debug\x64\debug\pid_debug.tlog\qtuic.read.1u.tlog
e:\mycode\qt\pid_debug\pid_debug\x64\debug\pid_debug.tlog\qtuic.write.1u.tlog
